C:\Program Files\Microsoft Visual Studio\2022\Community\MSBuild\Microsoft\VC\v170\Microsoft.CppBuild.targets(510,5): warning MSB8028: The intermediate directory (.\Release\64\) contains files shared from another project (Hello-World-SDK-3.vcxproj).  This can lead to incorrect clean and rebuild behavior.
  CockpitIOPlugin.cpp
C:\Users\shost\Desktop\xplane\cockpitIO_repo\PlaneSimulatorIO\XPlane_plugin_VSproject\CockpitIOPlugin.cpp(86,67): warning C4305: 'argument': truncation from 'double' to 'float'
C:\Users\shost\Desktop\xplane\cockpitIO_repo\PlaneSimulatorIO\XPlane_plugin_VSproject\CockpitIOPlugin.cpp(50,13): warning C4101: 'setMaxPosId': unreferenced local variable
  globalVariables.cpp
  graphics.cpp
C:\Users\shost\Desktop\xplane\cockpitIO_repo\PlaneSimulatorIO\XPlane_plugin_VSproject\graphics.cpp(10,43): warning C4244: 'argument': conversion from 'float' to 'GLint', possible loss of data
C:\Users\shost\Desktop\xplane\cockpitIO_repo\PlaneSimulatorIO\XPlane_plugin_VSproject\graphics.cpp(10,27): warning C4244: 'argument': conversion from 'float' to 'GLint', possible loss of data
C:\Users\shost\Desktop\xplane\cockpitIO_repo\PlaneSimulatorIO\XPlane_plugin_VSproject\graphics.cpp(11,43): warning C4244: 'argument': conversion from 'float' to 'GLint', possible loss of data
C:\Users\shost\Desktop\xplane\cockpitIO_repo\PlaneSimulatorIO\XPlane_plugin_VSproject\graphics.cpp(11,27): warning C4244: 'argument': conversion from 'float' to 'GLint', possible loss of data
C:\Users\shost\Desktop\xplane\cockpitIO_repo\PlaneSimulatorIO\XPlane_plugin_VSproject\graphics.cpp(12,43): warning C4244: 'argument': conversion from 'float' to 'GLint', possible loss of data
C:\Users\shost\Desktop\xplane\cockpitIO_repo\PlaneSimulatorIO\XPlane_plugin_VSproject\graphics.cpp(12,27): warning C4244: 'argument': conversion from 'float' to 'GLint', possible loss of data
C:\Users\shost\Desktop\xplane\cockpitIO_repo\PlaneSimulatorIO\XPlane_plugin_VSproject\graphics.cpp(13,43): warning C4244: 'argument': conversion from 'float' to 'GLint', possible loss of data
C:\Users\shost\Desktop\xplane\cockpitIO_repo\PlaneSimulatorIO\XPlane_plugin_VSproject\graphics.cpp(13,27): warning C4244: 'argument': conversion from 'float' to 'GLint', possible loss of data
C:\Users\shost\Desktop\xplane\cockpitIO_repo\PlaneSimulatorIO\XPlane_plugin_VSproject\graphics.cpp(41,30): warning C4244: '=': conversion from 'int' to 'float', possible loss of data
C:\Users\shost\Desktop\xplane\cockpitIO_repo\PlaneSimulatorIO\XPlane_plugin_VSproject\graphics.cpp(42,30): warning C4244: '=': conversion from 'int' to 'float', possible loss of data
C:\Users\shost\Desktop\xplane\cockpitIO_repo\PlaneSimulatorIO\XPlane_plugin_VSproject\graphics.cpp(43,135): warning C4267: 'argument': conversion from 'size_t' to 'int', possible loss of data
C:\Users\shost\Desktop\xplane\cockpitIO_repo\PlaneSimulatorIO\XPlane_plugin_VSproject\graphics.cpp(49,127): warning C4267: 'argument': conversion from 'size_t' to 'int', possible loss of data
C:\Users\shost\Desktop\xplane\cockpitIO_repo\PlaneSimulatorIO\XPlane_plugin_VSproject\graphics.cpp(52,178): warning C4267: 'argument': conversion from 'size_t' to 'int', possible loss of data
C:\Users\shost\Desktop\xplane\cockpitIO_repo\PlaneSimulatorIO\XPlane_plugin_VSproject\graphics.cpp(52,105): warning C4244: '=': conversion from 'double' to 'float', possible loss of data
C:\Users\shost\Desktop\xplane\cockpitIO_repo\PlaneSimulatorIO\XPlane_plugin_VSproject\graphics.cpp(54,115): warning C4267: 'argument': conversion from 'size_t' to 'int', possible loss of data
C:\Users\shost\Desktop\xplane\cockpitIO_repo\PlaneSimulatorIO\XPlane_plugin_VSproject\graphics.cpp(62,61): warning C4244: 'argument': conversion from 'float' to 'GLint', possible loss of data
C:\Users\shost\Desktop\xplane\cockpitIO_repo\PlaneSimulatorIO\XPlane_plugin_VSproject\graphics.cpp(62,36): warning C4244: 'argument': conversion from 'float' to 'GLint', possible loss of data
C:\Users\shost\Desktop\xplane\cockpitIO_repo\PlaneSimulatorIO\XPlane_plugin_VSproject\graphics.cpp(63,61): warning C4244: 'argument': conversion from 'float' to 'GLint', possible loss of data
C:\Users\shost\Desktop\xplane\cockpitIO_repo\PlaneSimulatorIO\XPlane_plugin_VSproject\graphics.cpp(63,36): warning C4244: 'argument': conversion from 'float' to 'GLint', possible loss of data
C:\Users\shost\Desktop\xplane\cockpitIO_repo\PlaneSimulatorIO\XPlane_plugin_VSproject\graphics.cpp(64,61): warning C4244: 'argument': conversion from 'float' to 'GLint', possible loss of data
C:\Users\shost\Desktop\xplane\cockpitIO_repo\PlaneSimulatorIO\XPlane_plugin_VSproject\graphics.cpp(64,36): warning C4244: 'argument': conversion from 'float' to 'GLint', possible loss of data
C:\Users\shost\Desktop\xplane\cockpitIO_repo\PlaneSimulatorIO\XPlane_plugin_VSproject\graphics.cpp(65,61): warning C4244: 'argument': conversion from 'float' to 'GLint', possible loss of data
C:\Users\shost\Desktop\xplane\cockpitIO_repo\PlaneSimulatorIO\XPlane_plugin_VSproject\graphics.cpp(65,36): warning C4244: 'argument': conversion from 'float' to 'GLint', possible loss of data
C:\Users\shost\Desktop\xplane\cockpitIO_repo\PlaneSimulatorIO\XPlane_plugin_VSproject\graphics.cpp(70,57): warning C4244: 'argument': conversion from 'float' to 'GLint', possible loss of data
C:\Users\shost\Desktop\xplane\cockpitIO_repo\PlaneSimulatorIO\XPlane_plugin_VSproject\graphics.cpp(70,34): warning C4244: 'argument': conversion from 'float' to 'GLint', possible loss of data
C:\Users\shost\Desktop\xplane\cockpitIO_repo\PlaneSimulatorIO\XPlane_plugin_VSproject\graphics.cpp(71,57): warning C4244: 'argument': conversion from 'float' to 'GLint', possible loss of data
C:\Users\shost\Desktop\xplane\cockpitIO_repo\PlaneSimulatorIO\XPlane_plugin_VSproject\graphics.cpp(71,34): warning C4244: 'argument': conversion from 'float' to 'GLint', possible loss of data
C:\Users\shost\Desktop\xplane\cockpitIO_repo\PlaneSimulatorIO\XPlane_plugin_VSproject\graphics.cpp(72,57): warning C4244: 'argument': conversion from 'float' to 'GLint', possible loss of data
C:\Users\shost\Desktop\xplane\cockpitIO_repo\PlaneSimulatorIO\XPlane_plugin_VSproject\graphics.cpp(72,34): warning C4244: 'argument': conversion from 'float' to 'GLint', possible loss of data
C:\Users\shost\Desktop\xplane\cockpitIO_repo\PlaneSimulatorIO\XPlane_plugin_VSproject\graphics.cpp(73,57): warning C4244: 'argument': conversion from 'float' to 'GLint', possible loss of data
C:\Users\shost\Desktop\xplane\cockpitIO_repo\PlaneSimulatorIO\XPlane_plugin_VSproject\graphics.cpp(73,34): warning C4244: 'argument': conversion from 'float' to 'GLint', possible loss of data
C:\Users\shost\Desktop\xplane\cockpitIO_repo\PlaneSimulatorIO\XPlane_plugin_VSproject\graphics.cpp(78,51): warning C4244: 'argument': conversion from 'float' to 'GLint', possible loss of data
C:\Users\shost\Desktop\xplane\cockpitIO_repo\PlaneSimulatorIO\XPlane_plugin_VSproject\graphics.cpp(78,31): warning C4244: 'argument': conversion from 'float' to 'GLint', possible loss of data
C:\Users\shost\Desktop\xplane\cockpitIO_repo\PlaneSimulatorIO\XPlane_plugin_VSproject\graphics.cpp(79,51): warning C4244: 'argument': conversion from 'float' to 'GLint', possible loss of data
C:\Users\shost\Desktop\xplane\cockpitIO_repo\PlaneSimulatorIO\XPlane_plugin_VSproject\graphics.cpp(79,31): warning C4244: 'argument': conversion from 'float' to 'GLint', possible loss of data
C:\Users\shost\Desktop\xplane\cockpitIO_repo\PlaneSimulatorIO\XPlane_plugin_VSproject\graphics.cpp(80,51): warning C4244: 'argument': conversion from 'float' to 'GLint', possible loss of data
C:\Users\shost\Desktop\xplane\cockpitIO_repo\PlaneSimulatorIO\XPlane_plugin_VSproject\graphics.cpp(80,31): warning C4244: 'argument': conversion from 'float' to 'GLint', possible loss of data
C:\Users\shost\Desktop\xplane\cockpitIO_repo\PlaneSimulatorIO\XPlane_plugin_VSproject\graphics.cpp(81,51): warning C4244: 'argument': conversion from 'float' to 'GLint', possible loss of data
C:\Users\shost\Desktop\xplane\cockpitIO_repo\PlaneSimulatorIO\XPlane_plugin_VSproject\graphics.cpp(81,31): warning C4244: 'argument': conversion from 'float' to 'GLint', possible loss of data
C:\Users\shost\Desktop\xplane\cockpitIO_repo\PlaneSimulatorIO\XPlane_plugin_VSproject\graphics.cpp(86,81): warning C4244: 'argument': conversion from 'float' to 'int', possible loss of data
C:\Users\shost\Desktop\xplane\cockpitIO_repo\PlaneSimulatorIO\XPlane_plugin_VSproject\graphics.cpp(86,52): warning C4244: 'argument': conversion from 'float' to 'int', possible loss of data
C:\Users\shost\Desktop\xplane\cockpitIO_repo\PlaneSimulatorIO\XPlane_plugin_VSproject\graphics.cpp(89,77): warning C4244: 'argument': conversion from 'float' to 'int', possible loss of data
C:\Users\shost\Desktop\xplane\cockpitIO_repo\PlaneSimulatorIO\XPlane_plugin_VSproject\graphics.cpp(89,50): warning C4244: 'argument': conversion from 'float' to 'int', possible loss of data
C:\Users\shost\Desktop\xplane\cockpitIO_repo\PlaneSimulatorIO\XPlane_plugin_VSproject\graphics.cpp(92,71): warning C4244: 'argument': conversion from 'float' to 'int', possible loss of data
C:\Users\shost\Desktop\xplane\cockpitIO_repo\PlaneSimulatorIO\XPlane_plugin_VSproject\graphics.cpp(92,47): warning C4244: 'argument': conversion from 'float' to 'int', possible loss of data
C:\Users\shost\Desktop\xplane\cockpitIO_repo\PlaneSimulatorIO\XPlane_plugin_VSproject\graphics.cpp(155,105): warning C4267: 'argument': conversion from 'size_t' to 'int', possible loss of data
C:\Users\shost\Desktop\xplane\cockpitIO_repo\PlaneSimulatorIO\XPlane_plugin_VSproject\graphics.cpp(156,25): warning C4244: '=': conversion from 'int' to 'float', possible loss of data
C:\Users\shost\Desktop\xplane\cockpitIO_repo\PlaneSimulatorIO\XPlane_plugin_VSproject\graphics.cpp(157,131): warning C4267: 'argument': conversion from 'size_t' to 'int', possible loss of data
C:\Users\shost\Desktop\xplane\cockpitIO_repo\PlaneSimulatorIO\XPlane_plugin_VSproject\graphics.cpp(162,143): warning C4267: 'argument': conversion from 'size_t' to 'int', possible loss of data
C:\Users\shost\Desktop\xplane\cockpitIO_repo\PlaneSimulatorIO\XPlane_plugin_VSproject\graphics.cpp(167,129): warning C4267: 'argument': conversion from 'size_t' to 'int', possible loss of data
C:\Users\shost\Desktop\xplane\cockpitIO_repo\PlaneSimulatorIO\XPlane_plugin_VSproject\graphics.cpp(172,129): warning C4267: 'argument': conversion from 'size_t' to 'int', possible loss of data
C:\Users\shost\Desktop\xplane\cockpitIO_repo\PlaneSimulatorIO\XPlane_plugin_VSproject\graphics.cpp(182,133): warning C4267: 'argument': conversion from 'size_t' to 'int', possible loss of data
C:\Users\shost\Desktop\xplane\cockpitIO_repo\PlaneSimulatorIO\XPlane_plugin_VSproject\graphics.cpp(209,129): warning C4267: 'argument': conversion from 'size_t' to 'int', possible loss of data
C:\Users\shost\Desktop\xplane\cockpitIO_repo\PlaneSimulatorIO\XPlane_plugin_VSproject\graphics.cpp(214,129): warning C4267: 'argument': conversion from 'size_t' to 'int', possible loss of data
C:\Users\shost\Desktop\xplane\cockpitIO_repo\PlaneSimulatorIO\XPlane_plugin_VSproject\graphics.cpp(219,129): warning C4267: 'argument': conversion from 'size_t' to 'int', possible loss of data
C:\Users\shost\Desktop\xplane\cockpitIO_repo\PlaneSimulatorIO\XPlane_plugin_VSproject\graphics.cpp(224,129): warning C4267: 'argument': conversion from 'size_t' to 'int', possible loss of data
C:\Users\shost\Desktop\xplane\cockpitIO_repo\PlaneSimulatorIO\XPlane_plugin_VSproject\graphics.cpp(234,133): warning C4267: 'argument': conversion from 'size_t' to 'int', possible loss of data
C:\Users\shost\Desktop\xplane\cockpitIO_repo\PlaneSimulatorIO\XPlane_plugin_VSproject\graphics.cpp(239,133): warning C4267: 'argument': conversion from 'size_t' to 'int', possible loss of data
C:\Users\shost\Desktop\xplane\cockpitIO_repo\PlaneSimulatorIO\XPlane_plugin_VSproject\graphics.cpp(244,133): warning C4267: 'argument': conversion from 'size_t' to 'int', possible loss of data
C:\Users\shost\Desktop\xplane\cockpitIO_repo\PlaneSimulatorIO\XPlane_plugin_VSproject\graphics.cpp(250,129): warning C4267: 'argument': conversion from 'size_t' to 'int', possible loss of data
C:\Users\shost\Desktop\xplane\cockpitIO_repo\PlaneSimulatorIO\XPlane_plugin_VSproject\graphics.cpp(255,129): warning C4267: 'argument': conversion from 'size_t' to 'int', possible loss of data
C:\Users\shost\Desktop\xplane\cockpitIO_repo\PlaneSimulatorIO\XPlane_plugin_VSproject\graphics.cpp(260,129): warning C4267: 'argument': conversion from 'size_t' to 'int', possible loss of data
C:\Users\shost\Desktop\xplane\cockpitIO_repo\PlaneSimulatorIO\XPlane_plugin_VSproject\graphics.cpp(265,129): warning C4267: 'argument': conversion from 'size_t' to 'int', possible loss of data
C:\Users\shost\Desktop\xplane\cockpitIO_repo\PlaneSimulatorIO\XPlane_plugin_VSproject\graphics.cpp(275,133): warning C4267: 'argument': conversion from 'size_t' to 'int', possible loss of data
C:\Users\shost\Desktop\xplane\cockpitIO_repo\PlaneSimulatorIO\XPlane_plugin_VSproject\graphics.cpp(280,133): warning C4267: 'argument': conversion from 'size_t' to 'int', possible loss of data
C:\Users\shost\Desktop\xplane\cockpitIO_repo\PlaneSimulatorIO\XPlane_plugin_VSproject\graphics.cpp(285,133): warning C4267: 'argument': conversion from 'size_t' to 'int', possible loss of data
C:\Users\shost\Desktop\xplane\cockpitIO_repo\PlaneSimulatorIO\XPlane_plugin_VSproject\graphics.cpp(300,63): warning C4244: 'argument': conversion from 'float' to 'int', possible loss of data
C:\Users\shost\Desktop\xplane\cockpitIO_repo\PlaneSimulatorIO\XPlane_plugin_VSproject\graphics.cpp(303,73): warning C4244: 'argument': conversion from 'float' to 'int', possible loss of data
C:\Users\shost\Desktop\xplane\cockpitIO_repo\PlaneSimulatorIO\XPlane_plugin_VSproject\graphics.cpp(303,49): warning C4244: 'argument': conversion from 'float' to 'int', possible loss of data
C:\Users\shost\Desktop\xplane\cockpitIO_repo\PlaneSimulatorIO\XPlane_plugin_VSproject\graphics.cpp(304,73): warning C4244: 'argument': conversion from 'float' to 'int', possible loss of data
C:\Users\shost\Desktop\xplane\cockpitIO_repo\PlaneSimulatorIO\XPlane_plugin_VSproject\graphics.cpp(304,49): warning C4244: 'argument': conversion from 'float' to 'int', possible loss of data
C:\Users\shost\Desktop\xplane\cockpitIO_repo\PlaneSimulatorIO\XPlane_plugin_VSproject\graphics.cpp(307,81): warning C4244: 'argument': conversion from 'float' to 'int', possible loss of data
C:\Users\shost\Desktop\xplane\cockpitIO_repo\PlaneSimulatorIO\XPlane_plugin_VSproject\graphics.cpp(307,53): warning C4244: 'argument': conversion from 'float' to 'int', possible loss of data
C:\Users\shost\Desktop\xplane\cockpitIO_repo\PlaneSimulatorIO\XPlane_plugin_VSproject\graphics.cpp(308,81): warning C4244: 'argument': conversion from 'float' to 'int', possible loss of data
C:\Users\shost\Desktop\xplane\cockpitIO_repo\PlaneSimulatorIO\XPlane_plugin_VSproject\graphics.cpp(308,53): warning C4244: 'argument': conversion from 'float' to 'int', possible loss of data
C:\Users\shost\Desktop\xplane\cockpitIO_repo\PlaneSimulatorIO\XPlane_plugin_VSproject\graphics.cpp(312,82): warning C4244: 'argument': conversion from 'float' to 'int', possible loss of data
C:\Users\shost\Desktop\xplane\cockpitIO_repo\PlaneSimulatorIO\XPlane_plugin_VSproject\graphics.cpp(312,52): warning C4244: 'argument': conversion from 'float' to 'int', possible loss of data
C:\Users\shost\Desktop\xplane\cockpitIO_repo\PlaneSimulatorIO\XPlane_plugin_VSproject\graphics.cpp(314,101): warning C4244: 'argument': conversion from 'float' to 'int', possible loss of data
C:\Users\shost\Desktop\xplane\cockpitIO_repo\PlaneSimulatorIO\XPlane_plugin_VSproject\graphics.cpp(314,52): warning C4244: 'argument': conversion from 'float' to 'int', possible loss of data
C:\Users\shost\Desktop\xplane\cockpitIO_repo\PlaneSimulatorIO\XPlane_plugin_VSproject\graphics.cpp(324,63): warning C4244: 'argument': conversion from 'float' to 'int', possible loss of data
C:\Users\shost\Desktop\xplane\cockpitIO_repo\PlaneSimulatorIO\XPlane_plugin_VSproject\graphics.cpp(327,73): warning C4244: 'argument': conversion from 'float' to 'int', possible loss of data
C:\Users\shost\Desktop\xplane\cockpitIO_repo\PlaneSimulatorIO\XPlane_plugin_VSproject\graphics.cpp(327,49): warning C4244: 'argument': conversion from 'float' to 'int', possible loss of data
C:\Users\shost\Desktop\xplane\cockpitIO_repo\PlaneSimulatorIO\XPlane_plugin_VSproject\graphics.cpp(328,73): warning C4244: 'argument': conversion from 'float' to 'int', possible loss of data
C:\Users\shost\Desktop\xplane\cockpitIO_repo\PlaneSimulatorIO\XPlane_plugin_VSproject\graphics.cpp(328,49): warning C4244: 'argument': conversion from 'float' to 'int', possible loss of data
C:\Users\shost\Desktop\xplane\cockpitIO_repo\PlaneSimulatorIO\XPlane_plugin_VSproject\graphics.cpp(329,73): warning C4244: 'argument': conversion from 'float' to 'int', possible loss of data
C:\Users\shost\Desktop\xplane\cockpitIO_repo\PlaneSimulatorIO\XPlane_plugin_VSproject\graphics.cpp(329,49): warning C4244: 'argument': conversion from 'float' to 'int', possible loss of data
C:\Users\shost\Desktop\xplane\cockpitIO_repo\PlaneSimulatorIO\XPlane_plugin_VSproject\graphics.cpp(330,73): warning C4244: 'argument': conversion from 'float' to 'int', possible loss of data
C:\Users\shost\Desktop\xplane\cockpitIO_repo\PlaneSimulatorIO\XPlane_plugin_VSproject\graphics.cpp(330,49): warning C4244: 'argument': conversion from 'float' to 'int', possible loss of data
C:\Users\shost\Desktop\xplane\cockpitIO_repo\PlaneSimulatorIO\XPlane_plugin_VSproject\graphics.cpp(333,81): warning C4244: 'argument': conversion from 'float' to 'int', possible loss of data
C:\Users\shost\Desktop\xplane\cockpitIO_repo\PlaneSimulatorIO\XPlane_plugin_VSproject\graphics.cpp(333,53): warning C4244: 'argument': conversion from 'float' to 'int', possible loss of data
C:\Users\shost\Desktop\xplane\cockpitIO_repo\PlaneSimulatorIO\XPlane_plugin_VSproject\graphics.cpp(334,81): warning C4244: 'argument': conversion from 'float' to 'int', possible loss of data
C:\Users\shost\Desktop\xplane\cockpitIO_repo\PlaneSimulatorIO\XPlane_plugin_VSproject\graphics.cpp(334,53): warning C4244: 'argument': conversion from 'float' to 'int', possible loss of data
C:\Users\shost\Desktop\xplane\cockpitIO_repo\PlaneSimulatorIO\XPlane_plugin_VSproject\graphics.cpp(335,81): warning C4244: 'argument': conversion from 'float' to 'int', possible loss of data
C:\Users\shost\Desktop\xplane\cockpitIO_repo\PlaneSimulatorIO\XPlane_plugin_VSproject\graphics.cpp(335,53): warning C4244: 'argument': conversion from 'float' to 'int', possible loss of data
C:\Users\shost\Desktop\xplane\cockpitIO_repo\PlaneSimulatorIO\XPlane_plugin_VSproject\graphics.cpp(336,81): warning C4244: 'argument': conversion from 'float' to 'int', possible loss of data
C:\Users\shost\Desktop\xplane\cockpitIO_repo\PlaneSimulatorIO\XPlane_plugin_VSproject\graphics.cpp(336,53): warning C4244: 'argument': conversion from 'float' to 'int', possible loss of data
C:\Users\shost\Desktop\xplane\cockpitIO_repo\PlaneSimulatorIO\XPlane_plugin_VSproject\graphics.cpp(341,83): warning C4244: 'argument': conversion from 'float' to 'int', possible loss of data
C:\Users\shost\Desktop\xplane\cockpitIO_repo\PlaneSimulatorIO\XPlane_plugin_VSproject\graphics.cpp(341,53): warning C4244: 'argument': conversion from 'float' to 'int', possible loss of data
C:\Users\shost\Desktop\xplane\cockpitIO_repo\PlaneSimulatorIO\XPlane_plugin_VSproject\graphics.cpp(343,106): warning C4244: 'argument': conversion from 'float' to 'int', possible loss of data
C:\Users\shost\Desktop\xplane\cockpitIO_repo\PlaneSimulatorIO\XPlane_plugin_VSproject\graphics.cpp(343,57): warning C4244: 'argument': conversion from 'float' to 'int', possible loss of data
C:\Users\shost\Desktop\xplane\cockpitIO_repo\PlaneSimulatorIO\XPlane_plugin_VSproject\graphics.cpp(345,106): warning C4244: 'argument': conversion from 'float' to 'int', possible loss of data
C:\Users\shost\Desktop\xplane\cockpitIO_repo\PlaneSimulatorIO\XPlane_plugin_VSproject\graphics.cpp(345,57): warning C4244: 'argument': conversion from 'float' to 'int', possible loss of data
C:\Users\shost\Desktop\xplane\cockpitIO_repo\PlaneSimulatorIO\XPlane_plugin_VSproject\graphics.cpp(347,106): warning C4244: 'argument': conversion from 'float' to 'int', possible loss of data
C:\Users\shost\Desktop\xplane\cockpitIO_repo\PlaneSimulatorIO\XPlane_plugin_VSproject\graphics.cpp(347,57): warning C4244: 'argument': conversion from 'float' to 'int', possible loss of data
C:\Users\shost\Desktop\xplane\cockpitIO_repo\PlaneSimulatorIO\XPlane_plugin_VSproject\graphics.cpp(351,64): warning C4244: 'argument': conversion from 'float' to 'int', possible loss of data
C:\Users\shost\Desktop\xplane\cockpitIO_repo\PlaneSimulatorIO\XPlane_plugin_VSproject\graphics.cpp(354,74): warning C4244: 'argument': conversion from 'float' to 'int', possible loss of data
C:\Users\shost\Desktop\xplane\cockpitIO_repo\PlaneSimulatorIO\XPlane_plugin_VSproject\graphics.cpp(354,50): warning C4244: 'argument': conversion from 'float' to 'int', possible loss of data
C:\Users\shost\Desktop\xplane\cockpitIO_repo\PlaneSimulatorIO\XPlane_plugin_VSproject\graphics.cpp(355,74): warning C4244: 'argument': conversion from 'float' to 'int', possible loss of data
C:\Users\shost\Desktop\xplane\cockpitIO_repo\PlaneSimulatorIO\XPlane_plugin_VSproject\graphics.cpp(355,50): warning C4244: 'argument': conversion from 'float' to 'int', possible loss of data
C:\Users\shost\Desktop\xplane\cockpitIO_repo\PlaneSimulatorIO\XPlane_plugin_VSproject\graphics.cpp(356,74): warning C4244: 'argument': conversion from 'float' to 'int', possible loss of data
C:\Users\shost\Desktop\xplane\cockpitIO_repo\PlaneSimulatorIO\XPlane_plugin_VSproject\graphics.cpp(356,50): warning C4244: 'argument': conversion from 'float' to 'int', possible loss of data
C:\Users\shost\Desktop\xplane\cockpitIO_repo\PlaneSimulatorIO\XPlane_plugin_VSproject\graphics.cpp(357,74): warning C4244: 'argument': conversion from 'float' to 'int', possible loss of data
C:\Users\shost\Desktop\xplane\cockpitIO_repo\PlaneSimulatorIO\XPlane_plugin_VSproject\graphics.cpp(357,50): warning C4244: 'argument': conversion from 'float' to 'int', possible loss of data
C:\Users\shost\Desktop\xplane\cockpitIO_repo\PlaneSimulatorIO\XPlane_plugin_VSproject\graphics.cpp(360,82): warning C4244: 'argument': conversion from 'float' to 'int', possible loss of data
C:\Users\shost\Desktop\xplane\cockpitIO_repo\PlaneSimulatorIO\XPlane_plugin_VSproject\graphics.cpp(360,54): warning C4244: 'argument': conversion from 'float' to 'int', possible loss of data
C:\Users\shost\Desktop\xplane\cockpitIO_repo\PlaneSimulatorIO\XPlane_plugin_VSproject\graphics.cpp(361,82): warning C4244: 'argument': conversion from 'float' to 'int', possible loss of data
C:\Users\shost\Desktop\xplane\cockpitIO_repo\PlaneSimulatorIO\XPlane_plugin_VSproject\graphics.cpp(361,54): warning C4244: 'argument': conversion from 'float' to 'int', possible loss of data
C:\Users\shost\Desktop\xplane\cockpitIO_repo\PlaneSimulatorIO\XPlane_plugin_VSproject\graphics.cpp(362,82): warning C4244: 'argument': conversion from 'float' to 'int', possible loss of data
C:\Users\shost\Desktop\xplane\cockpitIO_repo\PlaneSimulatorIO\XPlane_plugin_VSproject\graphics.cpp(362,54): warning C4244: 'argument': conversion from 'float' to 'int', possible loss of data
C:\Users\shost\Desktop\xplane\cockpitIO_repo\PlaneSimulatorIO\XPlane_plugin_VSproject\graphics.cpp(363,82): warning C4244: 'argument': conversion from 'float' to 'int', possible loss of data
C:\Users\shost\Desktop\xplane\cockpitIO_repo\PlaneSimulatorIO\XPlane_plugin_VSproject\graphics.cpp(363,54): warning C4244: 'argument': conversion from 'float' to 'int', possible loss of data
C:\Users\shost\Desktop\xplane\cockpitIO_repo\PlaneSimulatorIO\XPlane_plugin_VSproject\graphics.cpp(366,83): warning C4244: 'argument': conversion from 'float' to 'int', possible loss of data
C:\Users\shost\Desktop\xplane\cockpitIO_repo\PlaneSimulatorIO\XPlane_plugin_VSproject\graphics.cpp(366,53): warning C4244: 'argument': conversion from 'float' to 'int', possible loss of data
C:\Users\shost\Desktop\xplane\cockpitIO_repo\PlaneSimulatorIO\XPlane_plugin_VSproject\graphics.cpp(368,106): warning C4244: 'argument': conversion from 'float' to 'int', possible loss of data
C:\Users\shost\Desktop\xplane\cockpitIO_repo\PlaneSimulatorIO\XPlane_plugin_VSproject\graphics.cpp(368,57): warning C4244: 'argument': conversion from 'float' to 'int', possible loss of data
C:\Users\shost\Desktop\xplane\cockpitIO_repo\PlaneSimulatorIO\XPlane_plugin_VSproject\graphics.cpp(370,106): warning C4244: 'argument': conversion from 'float' to 'int', possible loss of data
C:\Users\shost\Desktop\xplane\cockpitIO_repo\PlaneSimulatorIO\XPlane_plugin_VSproject\graphics.cpp(370,57): warning C4244: 'argument': conversion from 'float' to 'int', possible loss of data
C:\Users\shost\Desktop\xplane\cockpitIO_repo\PlaneSimulatorIO\XPlane_plugin_VSproject\graphics.cpp(372,106): warning C4244: 'argument': conversion from 'float' to 'int', possible loss of data
C:\Users\shost\Desktop\xplane\cockpitIO_repo\PlaneSimulatorIO\XPlane_plugin_VSproject\graphics.cpp(372,57): warning C4244: 'argument': conversion from 'float' to 'int', possible loss of data
C:\Users\shost\Desktop\xplane\cockpitIO_repo\PlaneSimulatorIO\XPlane_plugin_VSproject\graphics.cpp(376,83): warning C4244: 'argument': conversion from 'float' to 'int', possible loss of data
C:\Users\shost\Desktop\xplane\cockpitIO_repo\PlaneSimulatorIO\XPlane_plugin_VSproject\graphics.cpp(376,53): warning C4244: 'argument': conversion from 'float' to 'int', possible loss of data
C:\Users\shost\Desktop\xplane\cockpitIO_repo\PlaneSimulatorIO\XPlane_plugin_VSproject\graphics.cpp(378,106): warning C4244: 'argument': conversion from 'float' to 'int', possible loss of data
C:\Users\shost\Desktop\xplane\cockpitIO_repo\PlaneSimulatorIO\XPlane_plugin_VSproject\graphics.cpp(378,57): warning C4244: 'argument': conversion from 'float' to 'int', possible loss of data
C:\Users\shost\Desktop\xplane\cockpitIO_repo\PlaneSimulatorIO\XPlane_plugin_VSproject\graphics.cpp(380,106): warning C4244: 'argument': conversion from 'float' to 'int', possible loss of data
C:\Users\shost\Desktop\xplane\cockpitIO_repo\PlaneSimulatorIO\XPlane_plugin_VSproject\graphics.cpp(380,57): warning C4244: 'argument': conversion from 'float' to 'int', possible loss of data
C:\Users\shost\Desktop\xplane\cockpitIO_repo\PlaneSimulatorIO\XPlane_plugin_VSproject\graphics.cpp(382,106): warning C4244: 'argument': conversion from 'float' to 'int', possible loss of data
C:\Users\shost\Desktop\xplane\cockpitIO_repo\PlaneSimulatorIO\XPlane_plugin_VSproject\graphics.cpp(382,57): warning C4244: 'argument': conversion from 'float' to 'int', possible loss of data
C:\Users\shost\Desktop\xplane\cockpitIO_repo\PlaneSimulatorIO\XPlane_plugin_VSproject\graphics.cpp(394,63): warning C4244: 'argument': conversion from 'float' to 'int', possible loss of data
C:\Users\shost\Desktop\xplane\cockpitIO_repo\PlaneSimulatorIO\XPlane_plugin_VSproject\graphics.cpp(397,73): warning C4244: 'argument': conversion from 'float' to 'int', possible loss of data
C:\Users\shost\Desktop\xplane\cockpitIO_repo\PlaneSimulatorIO\XPlane_plugin_VSproject\graphics.cpp(397,49): warning C4244: 'argument': conversion from 'float' to 'int', possible loss of data
C:\Users\shost\Desktop\xplane\cockpitIO_repo\PlaneSimulatorIO\XPlane_plugin_VSproject\graphics.cpp(398,73): warning C4244: 'argument': conversion from 'float' to 'int', possible loss of data
C:\Users\shost\Desktop\xplane\cockpitIO_repo\PlaneSimulatorIO\XPlane_plugin_VSproject\graphics.cpp(398,49): warning C4244: 'argument': conversion from 'float' to 'int', possible loss of data
C:\Users\shost\Desktop\xplane\cockpitIO_repo\PlaneSimulatorIO\XPlane_plugin_VSproject\graphics.cpp(401,81): warning C4244: 'argument': conversion from 'float' to 'int', possible loss of data
C:\Users\shost\Desktop\xplane\cockpitIO_repo\PlaneSimulatorIO\XPlane_plugin_VSproject\graphics.cpp(401,53): warning C4244: 'argument': conversion from 'float' to 'int', possible loss of data
C:\Users\shost\Desktop\xplane\cockpitIO_repo\PlaneSimulatorIO\XPlane_plugin_VSproject\graphics.cpp(402,81): warning C4244: 'argument': conversion from 'float' to 'int', possible loss of data
C:\Users\shost\Desktop\xplane\cockpitIO_repo\PlaneSimulatorIO\XPlane_plugin_VSproject\graphics.cpp(402,53): warning C4244: 'argument': conversion from 'float' to 'int', possible loss of data
C:\Users\shost\Desktop\xplane\cockpitIO_repo\PlaneSimulatorIO\XPlane_plugin_VSproject\graphics.cpp(406,82): warning C4244: 'argument': conversion from 'float' to 'int', possible loss of data
C:\Users\shost\Desktop\xplane\cockpitIO_repo\PlaneSimulatorIO\XPlane_plugin_VSproject\graphics.cpp(406,52): warning C4244: 'argument': conversion from 'float' to 'int', possible loss of data
C:\Users\shost\Desktop\xplane\cockpitIO_repo\PlaneSimulatorIO\XPlane_plugin_VSproject\graphics.cpp(408,101): warning C4244: 'argument': conversion from 'float' to 'int', possible loss of data
C:\Users\shost\Desktop\xplane\cockpitIO_repo\PlaneSimulatorIO\XPlane_plugin_VSproject\graphics.cpp(408,52): warning C4244: 'argument': conversion from 'float' to 'int', possible loss of data
C:\Users\shost\Desktop\xplane\cockpitIO_repo\PlaneSimulatorIO\XPlane_plugin_VSproject\graphics.cpp(418,63): warning C4244: 'argument': conversion from 'float' to 'int', possible loss of data
C:\Users\shost\Desktop\xplane\cockpitIO_repo\PlaneSimulatorIO\XPlane_plugin_VSproject\graphics.cpp(421,73): warning C4244: 'argument': conversion from 'float' to 'int', possible loss of data
C:\Users\shost\Desktop\xplane\cockpitIO_repo\PlaneSimulatorIO\XPlane_plugin_VSproject\graphics.cpp(421,49): warning C4244: 'argument': conversion from 'float' to 'int', possible loss of data
C:\Users\shost\Desktop\xplane\cockpitIO_repo\PlaneSimulatorIO\XPlane_plugin_VSproject\graphics.cpp(422,73): warning C4244: 'argument': conversion from 'float' to 'int', possible loss of data
C:\Users\shost\Desktop\xplane\cockpitIO_repo\PlaneSimulatorIO\XPlane_plugin_VSproject\graphics.cpp(422,49): warning C4244: 'argument': conversion from 'float' to 'int', possible loss of data
C:\Users\shost\Desktop\xplane\cockpitIO_repo\PlaneSimulatorIO\XPlane_plugin_VSproject\graphics.cpp(423,73): warning C4244: 'argument': conversion from 'float' to 'int', possible loss of data
C:\Users\shost\Desktop\xplane\cockpitIO_repo\PlaneSimulatorIO\XPlane_plugin_VSproject\graphics.cpp(423,49): warning C4244: 'argument': conversion from 'float' to 'int', possible loss of data
C:\Users\shost\Desktop\xplane\cockpitIO_repo\PlaneSimulatorIO\XPlane_plugin_VSproject\graphics.cpp(424,73): warning C4244: 'argument': conversion from 'float' to 'int', possible loss of data
C:\Users\shost\Desktop\xplane\cockpitIO_repo\PlaneSimulatorIO\XPlane_plugin_VSproject\graphics.cpp(424,49): warning C4244: 'argument': conversion from 'float' to 'int', possible loss of data
C:\Users\shost\Desktop\xplane\cockpitIO_repo\PlaneSimulatorIO\XPlane_plugin_VSproject\graphics.cpp(427,81): warning C4244: 'argument': conversion from 'float' to 'int', possible loss of data
C:\Users\shost\Desktop\xplane\cockpitIO_repo\PlaneSimulatorIO\XPlane_plugin_VSproject\graphics.cpp(427,53): warning C4244: 'argument': conversion from 'float' to 'int', possible loss of data
C:\Users\shost\Desktop\xplane\cockpitIO_repo\PlaneSimulatorIO\XPlane_plugin_VSproject\graphics.cpp(428,81): warning C4244: 'argument': conversion from 'float' to 'int', possible loss of data
C:\Users\shost\Desktop\xplane\cockpitIO_repo\PlaneSimulatorIO\XPlane_plugin_VSproject\graphics.cpp(428,53): warning C4244: 'argument': conversion from 'float' to 'int', possible loss of data
C:\Users\shost\Desktop\xplane\cockpitIO_repo\PlaneSimulatorIO\XPlane_plugin_VSproject\graphics.cpp(429,81): warning C4244: 'argument': conversion from 'float' to 'int', possible loss of data
C:\Users\shost\Desktop\xplane\cockpitIO_repo\PlaneSimulatorIO\XPlane_plugin_VSproject\graphics.cpp(429,53): warning C4244: 'argument': conversion from 'float' to 'int', possible loss of data
C:\Users\shost\Desktop\xplane\cockpitIO_repo\PlaneSimulatorIO\XPlane_plugin_VSproject\graphics.cpp(430,81): warning C4244: 'argument': conversion from 'float' to 'int', possible loss of data
C:\Users\shost\Desktop\xplane\cockpitIO_repo\PlaneSimulatorIO\XPlane_plugin_VSproject\graphics.cpp(430,53): warning C4244: 'argument': conversion from 'float' to 'int', possible loss of data
C:\Users\shost\Desktop\xplane\cockpitIO_repo\PlaneSimulatorIO\XPlane_plugin_VSproject\graphics.cpp(435,83): warning C4244: 'argument': conversion from 'float' to 'int', possible loss of data
C:\Users\shost\Desktop\xplane\cockpitIO_repo\PlaneSimulatorIO\XPlane_plugin_VSproject\graphics.cpp(435,53): warning C4244: 'argument': conversion from 'float' to 'int', possible loss of data
C:\Users\shost\Desktop\xplane\cockpitIO_repo\PlaneSimulatorIO\XPlane_plugin_VSproject\graphics.cpp(437,106): warning C4244: 'argument': conversion from 'float' to 'int', possible loss of data
C:\Users\shost\Desktop\xplane\cockpitIO_repo\PlaneSimulatorIO\XPlane_plugin_VSproject\graphics.cpp(437,57): warning C4244: 'argument': conversion from 'float' to 'int', possible loss of data
C:\Users\shost\Desktop\xplane\cockpitIO_repo\PlaneSimulatorIO\XPlane_plugin_VSproject\graphics.cpp(439,106): warning C4244: 'argument': conversion from 'float' to 'int', possible loss of data
C:\Users\shost\Desktop\xplane\cockpitIO_repo\PlaneSimulatorIO\XPlane_plugin_VSproject\graphics.cpp(439,57): warning C4244: 'argument': conversion from 'float' to 'int', possible loss of data
C:\Users\shost\Desktop\xplane\cockpitIO_repo\PlaneSimulatorIO\XPlane_plugin_VSproject\graphics.cpp(441,106): warning C4244: 'argument': conversion from 'float' to 'int', possible loss of data
C:\Users\shost\Desktop\xplane\cockpitIO_repo\PlaneSimulatorIO\XPlane_plugin_VSproject\graphics.cpp(441,57): warning C4244: 'argument': conversion from 'float' to 'int', possible loss of data
C:\Users\shost\Desktop\xplane\cockpitIO_repo\PlaneSimulatorIO\XPlane_plugin_VSproject\graphics.cpp(445,64): warning C4244: 'argument': conversion from 'float' to 'int', possible loss of data
C:\Users\shost\Desktop\xplane\cockpitIO_repo\PlaneSimulatorIO\XPlane_plugin_VSproject\graphics.cpp(448,74): warning C4244: 'argument': conversion from 'float' to 'int', possible loss of data
C:\Users\shost\Desktop\xplane\cockpitIO_repo\PlaneSimulatorIO\XPlane_plugin_VSproject\graphics.cpp(448,50): warning C4244: 'argument': conversion from 'float' to 'int', possible loss of data
C:\Users\shost\Desktop\xplane\cockpitIO_repo\PlaneSimulatorIO\XPlane_plugin_VSproject\graphics.cpp(449,74): warning C4244: 'argument': conversion from 'float' to 'int', possible loss of data
C:\Users\shost\Desktop\xplane\cockpitIO_repo\PlaneSimulatorIO\XPlane_plugin_VSproject\graphics.cpp(449,50): warning C4244: 'argument': conversion from 'float' to 'int', possible loss of data
C:\Users\shost\Desktop\xplane\cockpitIO_repo\PlaneSimulatorIO\XPlane_plugin_VSproject\graphics.cpp(450,74): warning C4244: 'argument': conversion from 'float' to 'int', possible loss of data
C:\Users\shost\Desktop\xplane\cockpitIO_repo\PlaneSimulatorIO\XPlane_plugin_VSproject\graphics.cpp(450,50): warning C4244: 'argument': conversion from 'float' to 'int', possible loss of data
C:\Users\shost\Desktop\xplane\cockpitIO_repo\PlaneSimulatorIO\XPlane_plugin_VSproject\graphics.cpp(451,74): warning C4244: 'argument': conversion from 'float' to 'int', possible loss of data
C:\Users\shost\Desktop\xplane\cockpitIO_repo\PlaneSimulatorIO\XPlane_plugin_VSproject\graphics.cpp(451,50): warning C4244: 'argument': conversion from 'float' to 'int', possible loss of data
C:\Users\shost\Desktop\xplane\cockpitIO_repo\PlaneSimulatorIO\XPlane_plugin_VSproject\graphics.cpp(454,82): warning C4244: 'argument': conversion from 'float' to 'int', possible loss of data
C:\Users\shost\Desktop\xplane\cockpitIO_repo\PlaneSimulatorIO\XPlane_plugin_VSproject\graphics.cpp(454,54): warning C4244: 'argument': conversion from 'float' to 'int', possible loss of data
C:\Users\shost\Desktop\xplane\cockpitIO_repo\PlaneSimulatorIO\XPlane_plugin_VSproject\graphics.cpp(455,82): warning C4244: 'argument': conversion from 'float' to 'int', possible loss of data
C:\Users\shost\Desktop\xplane\cockpitIO_repo\PlaneSimulatorIO\XPlane_plugin_VSproject\graphics.cpp(455,54): warning C4244: 'argument': conversion from 'float' to 'int', possible loss of data
C:\Users\shost\Desktop\xplane\cockpitIO_repo\PlaneSimulatorIO\XPlane_plugin_VSproject\graphics.cpp(456,82): warning C4244: 'argument': conversion from 'float' to 'int', possible loss of data
C:\Users\shost\Desktop\xplane\cockpitIO_repo\PlaneSimulatorIO\XPlane_plugin_VSproject\graphics.cpp(456,54): warning C4244: 'argument': conversion from 'float' to 'int', possible loss of data
C:\Users\shost\Desktop\xplane\cockpitIO_repo\PlaneSimulatorIO\XPlane_plugin_VSproject\graphics.cpp(457,82): warning C4244: 'argument': conversion from 'float' to 'int', possible loss of data
C:\Users\shost\Desktop\xplane\cockpitIO_repo\PlaneSimulatorIO\XPlane_plugin_VSproject\graphics.cpp(457,54): warning C4244: 'argument': conversion from 'float' to 'int', possible loss of data
C:\Users\shost\Desktop\xplane\cockpitIO_repo\PlaneSimulatorIO\XPlane_plugin_VSproject\graphics.cpp(460,83): warning C4244: 'argument': conversion from 'float' to 'int', possible loss of data
C:\Users\shost\Desktop\xplane\cockpitIO_repo\PlaneSimulatorIO\XPlane_plugin_VSproject\graphics.cpp(460,53): warning C4244: 'argument': conversion from 'float' to 'int', possible loss of data
C:\Users\shost\Desktop\xplane\cockpitIO_repo\PlaneSimulatorIO\XPlane_plugin_VSproject\graphics.cpp(462,106): warning C4244: 'argument': conversion from 'float' to 'int', possible loss of data
C:\Users\shost\Desktop\xplane\cockpitIO_repo\PlaneSimulatorIO\XPlane_plugin_VSproject\graphics.cpp(462,57): warning C4244: 'argument': conversion from 'float' to 'int', possible loss of data
C:\Users\shost\Desktop\xplane\cockpitIO_repo\PlaneSimulatorIO\XPlane_plugin_VSproject\graphics.cpp(464,106): warning C4244: 'argument': conversion from 'float' to 'int', possible loss of data
C:\Users\shost\Desktop\xplane\cockpitIO_repo\PlaneSimulatorIO\XPlane_plugin_VSproject\graphics.cpp(464,57): warning C4244: 'argument': conversion from 'float' to 'int', possible loss of data
C:\Users\shost\Desktop\xplane\cockpitIO_repo\PlaneSimulatorIO\XPlane_plugin_VSproject\graphics.cpp(466,106): warning C4244: 'argument': conversion from 'float' to 'int', possible loss of data
C:\Users\shost\Desktop\xplane\cockpitIO_repo\PlaneSimulatorIO\XPlane_plugin_VSproject\graphics.cpp(466,57): warning C4244: 'argument': conversion from 'float' to 'int', possible loss of data
C:\Users\shost\Desktop\xplane\cockpitIO_repo\PlaneSimulatorIO\XPlane_plugin_VSproject\graphics.cpp(470,83): warning C4244: 'argument': conversion from 'float' to 'int', possible loss of data
C:\Users\shost\Desktop\xplane\cockpitIO_repo\PlaneSimulatorIO\XPlane_plugin_VSproject\graphics.cpp(470,53): warning C4244: 'argument': conversion from 'float' to 'int', possible loss of data
C:\Users\shost\Desktop\xplane\cockpitIO_repo\PlaneSimulatorIO\XPlane_plugin_VSproject\graphics.cpp(472,106): warning C4244: 'argument': conversion from 'float' to 'int', possible loss of data
C:\Users\shost\Desktop\xplane\cockpitIO_repo\PlaneSimulatorIO\XPlane_plugin_VSproject\graphics.cpp(472,57): warning C4244: 'argument': conversion from 'float' to 'int', possible loss of data
C:\Users\shost\Desktop\xplane\cockpitIO_repo\PlaneSimulatorIO\XPlane_plugin_VSproject\graphics.cpp(474,106): warning C4244: 'argument': conversion from 'float' to 'int', possible loss of data
C:\Users\shost\Desktop\xplane\cockpitIO_repo\PlaneSimulatorIO\XPlane_plugin_VSproject\graphics.cpp(474,57): warning C4244: 'argument': conversion from 'float' to 'int', possible loss of data
C:\Users\shost\Desktop\xplane\cockpitIO_repo\PlaneSimulatorIO\XPlane_plugin_VSproject\graphics.cpp(476,106): warning C4244: 'argument': conversion from 'float' to 'int', possible loss of data
C:\Users\shost\Desktop\xplane\cockpitIO_repo\PlaneSimulatorIO\XPlane_plugin_VSproject\graphics.cpp(476,57): warning C4244: 'argument': conversion from 'float' to 'int', possible loss of data
C:\Users\shost\Desktop\xplane\cockpitIO_repo\PlaneSimulatorIO\XPlane_plugin_VSproject\graphics.cpp(484,71): warning C4244: 'argument': conversion from 'float' to 'int', possible loss of data
C:\Users\shost\Desktop\xplane\cockpitIO_repo\PlaneSimulatorIO\XPlane_plugin_VSproject\graphics.cpp(484,47): warning C4244: 'argument': conversion from 'float' to 'int', possible loss of data
C:\Users\shost\Desktop\xplane\cockpitIO_repo\PlaneSimulatorIO\XPlane_plugin_VSproject\graphics.cpp(486,77): warning C4244: 'argument': conversion from 'float' to 'int', possible loss of data
C:\Users\shost\Desktop\xplane\cockpitIO_repo\PlaneSimulatorIO\XPlane_plugin_VSproject\graphics.cpp(486,50): warning C4244: 'argument': conversion from 'float' to 'int', possible loss of data
C:\Users\shost\Desktop\xplane\cockpitIO_repo\PlaneSimulatorIO\XPlane_plugin_VSproject\graphics.cpp(489,55): warning C4244: 'argument': conversion from 'float' to 'int', possible loss of data
C:\Users\shost\Desktop\xplane\cockpitIO_repo\PlaneSimulatorIO\XPlane_plugin_VSproject\graphics.cpp(491,58): warning C4244: 'argument': conversion from 'float' to 'int', possible loss of data
  handlers.cpp
C:\Users\shost\Desktop\xplane\cockpitIO_repo\PlaneSimulatorIO\XPlane_plugin_VSproject\handlers.cpp(191,29): warning C4244: 'argument': conversion from 'int' to 'float', possible loss of data
C:\Users\shost\Desktop\xplane\cockpitIO_repo\PlaneSimulatorIO\XPlane_plugin_VSproject\handlers.cpp(191,26): warning C4244: 'argument': conversion from 'int' to 'float', possible loss of data
C:\Users\shost\Desktop\xplane\cockpitIO_repo\PlaneSimulatorIO\XPlane_plugin_VSproject\handlers.cpp(199,29): warning C4244: 'argument': conversion from 'int' to 'float', possible loss of data
C:\Users\shost\Desktop\xplane\cockpitIO_repo\PlaneSimulatorIO\XPlane_plugin_VSproject\handlers.cpp(199,26): warning C4244: 'argument': conversion from 'int' to 'float', possible loss of data
C:\Users\shost\Desktop\xplane\cockpitIO_repo\PlaneSimulatorIO\XPlane_plugin_VSproject\handlers.cpp(207,29): warning C4244: 'argument': conversion from 'int' to 'float', possible loss of data
C:\Users\shost\Desktop\xplane\cockpitIO_repo\PlaneSimulatorIO\XPlane_plugin_VSproject\handlers.cpp(207,26): warning C4244: 'argument': conversion from 'int' to 'float', possible loss of data
C:\Users\shost\Desktop\xplane\cockpitIO_repo\PlaneSimulatorIO\XPlane_plugin_VSproject\handlers.cpp(214,29): warning C4244: 'argument': conversion from 'int' to 'float', possible loss of data
C:\Users\shost\Desktop\xplane\cockpitIO_repo\PlaneSimulatorIO\XPlane_plugin_VSproject\handlers.cpp(214,26): warning C4244: 'argument': conversion from 'int' to 'float', possible loss of data
C:\Users\shost\Desktop\xplane\cockpitIO_repo\PlaneSimulatorIO\XPlane_plugin_VSproject\handlers.cpp(222,29): warning C4244: 'argument': conversion from 'int' to 'float', possible loss of data
C:\Users\shost\Desktop\xplane\cockpitIO_repo\PlaneSimulatorIO\XPlane_plugin_VSproject\handlers.cpp(222,26): warning C4244: 'argument': conversion from 'int' to 'float', possible loss of data
C:\Users\shost\Desktop\xplane\cockpitIO_repo\PlaneSimulatorIO\XPlane_plugin_VSproject\handlers.cpp(230,29): warning C4244: 'argument': conversion from 'int' to 'float', possible loss of data
C:\Users\shost\Desktop\xplane\cockpitIO_repo\PlaneSimulatorIO\XPlane_plugin_VSproject\handlers.cpp(230,26): warning C4244: 'argument': conversion from 'int' to 'float', possible loss of data
C:\Users\shost\Desktop\xplane\cockpitIO_repo\PlaneSimulatorIO\XPlane_plugin_VSproject\handlers.cpp(238,29): warning C4244: 'argument': conversion from 'int' to 'float', possible loss of data
C:\Users\shost\Desktop\xplane\cockpitIO_repo\PlaneSimulatorIO\XPlane_plugin_VSproject\handlers.cpp(238,26): warning C4244: 'argument': conversion from 'int' to 'float', possible loss of data
C:\Users\shost\Desktop\xplane\cockpitIO_repo\PlaneSimulatorIO\XPlane_plugin_VSproject\handlers.cpp(245,29): warning C4244: 'argument': conversion from 'int' to 'float', possible loss of data
C:\Users\shost\Desktop\xplane\cockpitIO_repo\PlaneSimulatorIO\XPlane_plugin_VSproject\handlers.cpp(245,26): warning C4244: 'argument': conversion from 'int' to 'float', possible loss of data
C:\Users\shost\Desktop\xplane\cockpitIO_repo\PlaneSimulatorIO\XPlane_plugin_VSproject\handlers.cpp(253,29): warning C4244: 'argument': conversion from 'int' to 'float', possible loss of data
C:\Users\shost\Desktop\xplane\cockpitIO_repo\PlaneSimulatorIO\XPlane_plugin_VSproject\handlers.cpp(253,26): warning C4244: 'argument': conversion from 'int' to 'float', possible loss of data
C:\Users\shost\Desktop\xplane\cockpitIO_repo\PlaneSimulatorIO\XPlane_plugin_VSproject\handlers.cpp(261,29): warning C4244: 'argument': conversion from 'int' to 'float', possible loss of data
C:\Users\shost\Desktop\xplane\cockpitIO_repo\PlaneSimulatorIO\XPlane_plugin_VSproject\handlers.cpp(261,26): warning C4244: 'argument': conversion from 'int' to 'float', possible loss of data
C:\Users\shost\Desktop\xplane\cockpitIO_repo\PlaneSimulatorIO\XPlane_plugin_VSproject\handlers.cpp(269,29): warning C4244: 'argument': conversion from 'int' to 'float', possible loss of data
C:\Users\shost\Desktop\xplane\cockpitIO_repo\PlaneSimulatorIO\XPlane_plugin_VSproject\handlers.cpp(269,26): warning C4244: 'argument': conversion from 'int' to 'float', possible loss of data
C:\Users\shost\Desktop\xplane\cockpitIO_repo\PlaneSimulatorIO\XPlane_plugin_VSproject\handlers.cpp(276,29): warning C4244: 'argument': conversion from 'int' to 'float', possible loss of data
C:\Users\shost\Desktop\xplane\cockpitIO_repo\PlaneSimulatorIO\XPlane_plugin_VSproject\handlers.cpp(276,26): warning C4244: 'argument': conversion from 'int' to 'float', possible loss of data
C:\Users\shost\Desktop\xplane\cockpitIO_repo\PlaneSimulatorIO\XPlane_plugin_VSproject\handlers.cpp(286,29): warning C4244: 'argument': conversion from 'int' to 'float', possible loss of data
C:\Users\shost\Desktop\xplane\cockpitIO_repo\PlaneSimulatorIO\XPlane_plugin_VSproject\handlers.cpp(286,26): warning C4244: 'argument': conversion from 'int' to 'float', possible loss of data
C:\Users\shost\Desktop\xplane\cockpitIO_repo\PlaneSimulatorIO\XPlane_plugin_VSproject\handlers.cpp(304,29): warning C4244: 'argument': conversion from 'int' to 'float', possible loss of data
C:\Users\shost\Desktop\xplane\cockpitIO_repo\PlaneSimulatorIO\XPlane_plugin_VSproject\handlers.cpp(304,26): warning C4244: 'argument': conversion from 'int' to 'float', possible loss of data
C:\Users\shost\Desktop\xplane\cockpitIO_repo\PlaneSimulatorIO\XPlane_plugin_VSproject\handlers.cpp(312,29): warning C4244: 'argument': conversion from 'int' to 'float', possible loss of data
C:\Users\shost\Desktop\xplane\cockpitIO_repo\PlaneSimulatorIO\XPlane_plugin_VSproject\handlers.cpp(312,26): warning C4244: 'argument': conversion from 'int' to 'float', possible loss of data
C:\Users\shost\Desktop\xplane\cockpitIO_repo\PlaneSimulatorIO\XPlane_plugin_VSproject\handlers.cpp(321,29): warning C4244: 'argument': conversion from 'int' to 'float', possible loss of data
C:\Users\shost\Desktop\xplane\cockpitIO_repo\PlaneSimulatorIO\XPlane_plugin_VSproject\handlers.cpp(321,26): warning C4244: 'argument': conversion from 'int' to 'float', possible loss of data
C:\Users\shost\Desktop\xplane\cockpitIO_repo\PlaneSimulatorIO\XPlane_plugin_VSproject\handlers.cpp(329,29): warning C4244: 'argument': conversion from 'int' to 'float', possible loss of data
C:\Users\shost\Desktop\xplane\cockpitIO_repo\PlaneSimulatorIO\XPlane_plugin_VSproject\handlers.cpp(329,26): warning C4244: 'argument': conversion from 'int' to 'float', possible loss of data
C:\Users\shost\Desktop\xplane\cockpitIO_repo\PlaneSimulatorIO\XPlane_plugin_VSproject\handlers.cpp(337,29): warning C4244: 'argument': conversion from 'int' to 'float', possible loss of data
C:\Users\shost\Desktop\xplane\cockpitIO_repo\PlaneSimulatorIO\XPlane_plugin_VSproject\handlers.cpp(337,26): warning C4244: 'argument': conversion from 'int' to 'float', possible loss of data
C:\Users\shost\Desktop\xplane\cockpitIO_repo\PlaneSimulatorIO\XPlane_plugin_VSproject\handlers.cpp(346,29): warning C4244: 'argument': conversion from 'int' to 'float', possible loss of data
C:\Users\shost\Desktop\xplane\cockpitIO_repo\PlaneSimulatorIO\XPlane_plugin_VSproject\handlers.cpp(346,26): warning C4244: 'argument': conversion from 'int' to 'float', possible loss of data
C:\Users\shost\Desktop\xplane\cockpitIO_repo\PlaneSimulatorIO\XPlane_plugin_VSproject\handlers.cpp(356,29): warning C4244: 'argument': conversion from 'int' to 'float', possible loss of data
C:\Users\shost\Desktop\xplane\cockpitIO_repo\PlaneSimulatorIO\XPlane_plugin_VSproject\handlers.cpp(356,26): warning C4244: 'argument': conversion from 'int' to 'float', possible loss of data
C:\Users\shost\Desktop\xplane\cockpitIO_repo\PlaneSimulatorIO\XPlane_plugin_VSproject\handlers.cpp(366,29): warning C4244: 'argument': conversion from 'int' to 'float', possible loss of data
C:\Users\shost\Desktop\xplane\cockpitIO_repo\PlaneSimulatorIO\XPlane_plugin_VSproject\handlers.cpp(366,26): warning C4244: 'argument': conversion from 'int' to 'float', possible loss of data
C:\Users\shost\Desktop\xplane\cockpitIO_repo\PlaneSimulatorIO\XPlane_plugin_VSproject\handlers.cpp(376,29): warning C4244: 'argument': conversion from 'int' to 'float', possible loss of data
C:\Users\shost\Desktop\xplane\cockpitIO_repo\PlaneSimulatorIO\XPlane_plugin_VSproject\handlers.cpp(376,26): warning C4244: 'argument': conversion from 'int' to 'float', possible loss of data
C:\Users\shost\Desktop\xplane\cockpitIO_repo\PlaneSimulatorIO\XPlane_plugin_VSproject\handlers.cpp(387,29): warning C4244: 'argument': conversion from 'int' to 'float', possible loss of data
C:\Users\shost\Desktop\xplane\cockpitIO_repo\PlaneSimulatorIO\XPlane_plugin_VSproject\handlers.cpp(387,26): warning C4244: 'argument': conversion from 'int' to 'float', possible loss of data
C:\Users\shost\Desktop\xplane\cockpitIO_repo\PlaneSimulatorIO\XPlane_plugin_VSproject\handlers.cpp(407,29): warning C4244: 'argument': conversion from 'int' to 'float', possible loss of data
C:\Users\shost\Desktop\xplane\cockpitIO_repo\PlaneSimulatorIO\XPlane_plugin_VSproject\handlers.cpp(407,26): warning C4244: 'argument': conversion from 'int' to 'float', possible loss of data
C:\Users\shost\Desktop\xplane\cockpitIO_repo\PlaneSimulatorIO\XPlane_plugin_VSproject\handlers.cpp(427,29): warning C4244: 'argument': conversion from 'int' to 'float', possible loss of data
C:\Users\shost\Desktop\xplane\cockpitIO_repo\PlaneSimulatorIO\XPlane_plugin_VSproject\handlers.cpp(427,26): warning C4244: 'argument': conversion from 'int' to 'float', possible loss of data
C:\Users\shost\Desktop\xplane\cockpitIO_repo\PlaneSimulatorIO\XPlane_plugin_VSproject\handlers.cpp(447,29): warning C4244: 'argument': conversion from 'int' to 'float', possible loss of data
C:\Users\shost\Desktop\xplane\cockpitIO_repo\PlaneSimulatorIO\XPlane_plugin_VSproject\handlers.cpp(447,26): warning C4244: 'argument': conversion from 'int' to 'float', possible loss of data
C:\Users\shost\Desktop\xplane\cockpitIO_repo\PlaneSimulatorIO\XPlane_plugin_VSproject\handlers.cpp(467,29): warning C4244: 'argument': conversion from 'int' to 'float', possible loss of data
C:\Users\shost\Desktop\xplane\cockpitIO_repo\PlaneSimulatorIO\XPlane_plugin_VSproject\handlers.cpp(467,26): warning C4244: 'argument': conversion from 'int' to 'float', possible loss of data
C:\Users\shost\Desktop\xplane\cockpitIO_repo\PlaneSimulatorIO\XPlane_plugin_VSproject\handlers.cpp(487,29): warning C4244: 'argument': conversion from 'int' to 'float', possible loss of data
C:\Users\shost\Desktop\xplane\cockpitIO_repo\PlaneSimulatorIO\XPlane_plugin_VSproject\handlers.cpp(487,26): warning C4244: 'argument': conversion from 'int' to 'float', possible loss of data
C:\Users\shost\Desktop\xplane\cockpitIO_repo\PlaneSimulatorIO\XPlane_plugin_VSproject\handlers.cpp(507,29): warning C4244: 'argument': conversion from 'int' to 'float', possible loss of data
C:\Users\shost\Desktop\xplane\cockpitIO_repo\PlaneSimulatorIO\XPlane_plugin_VSproject\handlers.cpp(507,26): warning C4244: 'argument': conversion from 'int' to 'float', possible loss of data
C:\Users\shost\Desktop\xplane\cockpitIO_repo\PlaneSimulatorIO\XPlane_plugin_VSproject\handlers.cpp(527,29): warning C4244: 'argument': conversion from 'int' to 'float', possible loss of data
C:\Users\shost\Desktop\xplane\cockpitIO_repo\PlaneSimulatorIO\XPlane_plugin_VSproject\handlers.cpp(527,26): warning C4244: 'argument': conversion from 'int' to 'float', possible loss of data
C:\Users\shost\Desktop\xplane\cockpitIO_repo\PlaneSimulatorIO\XPlane_plugin_VSproject\handlers.cpp(549,29): warning C4244: 'argument': conversion from 'int' to 'float', possible loss of data
C:\Users\shost\Desktop\xplane\cockpitIO_repo\PlaneSimulatorIO\XPlane_plugin_VSproject\handlers.cpp(549,26): warning C4244: 'argument': conversion from 'int' to 'float', possible loss of data
C:\Users\shost\Desktop\xplane\cockpitIO_repo\PlaneSimulatorIO\XPlane_plugin_VSproject\handlers.cpp(560,29): warning C4244: 'argument': conversion from 'int' to 'float', possible loss of data
C:\Users\shost\Desktop\xplane\cockpitIO_repo\PlaneSimulatorIO\XPlane_plugin_VSproject\handlers.cpp(560,26): warning C4244: 'argument': conversion from 'int' to 'float', possible loss of data
C:\Users\shost\Desktop\xplane\cockpitIO_repo\PlaneSimulatorIO\XPlane_plugin_VSproject\handlers.cpp(571,29): warning C4244: 'argument': conversion from 'int' to 'float', possible loss of data
C:\Users\shost\Desktop\xplane\cockpitIO_repo\PlaneSimulatorIO\XPlane_plugin_VSproject\handlers.cpp(571,26): warning C4244: 'argument': conversion from 'int' to 'float', possible loss of data
C:\Users\shost\Desktop\xplane\cockpitIO_repo\PlaneSimulatorIO\XPlane_plugin_VSproject\handlers.cpp(582,29): warning C4244: 'argument': conversion from 'int' to 'float', possible loss of data
C:\Users\shost\Desktop\xplane\cockpitIO_repo\PlaneSimulatorIO\XPlane_plugin_VSproject\handlers.cpp(582,26): warning C4244: 'argument': conversion from 'int' to 'float', possible loss of data
C:\Users\shost\Desktop\xplane\cockpitIO_repo\PlaneSimulatorIO\XPlane_plugin_VSproject\handlers.cpp(593,29): warning C4244: 'argument': conversion from 'int' to 'float', possible loss of data
C:\Users\shost\Desktop\xplane\cockpitIO_repo\PlaneSimulatorIO\XPlane_plugin_VSproject\handlers.cpp(593,26): warning C4244: 'argument': conversion from 'int' to 'float', possible loss of data
C:\Users\shost\Desktop\xplane\cockpitIO_repo\PlaneSimulatorIO\XPlane_plugin_VSproject\handlers.cpp(604,29): warning C4244: 'argument': conversion from 'int' to 'float', possible loss of data
C:\Users\shost\Desktop\xplane\cockpitIO_repo\PlaneSimulatorIO\XPlane_plugin_VSproject\handlers.cpp(604,26): warning C4244: 'argument': conversion from 'int' to 'float', possible loss of data
C:\Users\shost\Desktop\xplane\cockpitIO_repo\PlaneSimulatorIO\XPlane_plugin_VSproject\handlers.cpp(615,29): warning C4244: 'argument': conversion from 'int' to 'float', possible loss of data
C:\Users\shost\Desktop\xplane\cockpitIO_repo\PlaneSimulatorIO\XPlane_plugin_VSproject\handlers.cpp(615,26): warning C4244: 'argument': conversion from 'int' to 'float', possible loss of data
C:\Users\shost\Desktop\xplane\cockpitIO_repo\PlaneSimulatorIO\XPlane_plugin_VSproject\handlers.cpp(626,29): warning C4244: 'argument': conversion from 'int' to 'float', possible loss of data
C:\Users\shost\Desktop\xplane\cockpitIO_repo\PlaneSimulatorIO\XPlane_plugin_VSproject\handlers.cpp(626,26): warning C4244: 'argument': conversion from 'int' to 'float', possible loss of data
C:\Users\shost\Desktop\xplane\cockpitIO_repo\PlaneSimulatorIO\XPlane_plugin_VSproject\handlers.cpp(650,29): warning C4244: 'argument': conversion from 'int' to 'float', possible loss of data
C:\Users\shost\Desktop\xplane\cockpitIO_repo\PlaneSimulatorIO\XPlane_plugin_VSproject\handlers.cpp(650,26): warning C4244: 'argument': conversion from 'int' to 'float', possible loss of data
C:\Users\shost\Desktop\xplane\cockpitIO_repo\PlaneSimulatorIO\XPlane_plugin_VSproject\handlers.cpp(658,29): warning C4244: 'argument': conversion from 'int' to 'float', possible loss of data
C:\Users\shost\Desktop\xplane\cockpitIO_repo\PlaneSimulatorIO\XPlane_plugin_VSproject\handlers.cpp(658,26): warning C4244: 'argument': conversion from 'int' to 'float', possible loss of data
C:\Users\shost\Desktop\xplane\cockpitIO_repo\PlaneSimulatorIO\XPlane_plugin_VSproject\handlers.cpp(667,29): warning C4244: 'argument': conversion from 'int' to 'float', possible loss of data
C:\Users\shost\Desktop\xplane\cockpitIO_repo\PlaneSimulatorIO\XPlane_plugin_VSproject\handlers.cpp(667,26): warning C4244: 'argument': conversion from 'int' to 'float', possible loss of data
C:\Users\shost\Desktop\xplane\cockpitIO_repo\PlaneSimulatorIO\XPlane_plugin_VSproject\handlers.cpp(675,29): warning C4244: 'argument': conversion from 'int' to 'float', possible loss of data
C:\Users\shost\Desktop\xplane\cockpitIO_repo\PlaneSimulatorIO\XPlane_plugin_VSproject\handlers.cpp(675,26): warning C4244: 'argument': conversion from 'int' to 'float', possible loss of data
C:\Users\shost\Desktop\xplane\cockpitIO_repo\PlaneSimulatorIO\XPlane_plugin_VSproject\handlers.cpp(683,29): warning C4244: 'argument': conversion from 'int' to 'float', possible loss of data
C:\Users\shost\Desktop\xplane\cockpitIO_repo\PlaneSimulatorIO\XPlane_plugin_VSproject\handlers.cpp(683,26): warning C4244: 'argument': conversion from 'int' to 'float', possible loss of data
C:\Users\shost\Desktop\xplane\cockpitIO_repo\PlaneSimulatorIO\XPlane_plugin_VSproject\handlers.cpp(692,29): warning C4244: 'argument': conversion from 'int' to 'float', possible loss of data
C:\Users\shost\Desktop\xplane\cockpitIO_repo\PlaneSimulatorIO\XPlane_plugin_VSproject\handlers.cpp(692,26): warning C4244: 'argument': conversion from 'int' to 'float', possible loss of data
C:\Users\shost\Desktop\xplane\cockpitIO_repo\PlaneSimulatorIO\XPlane_plugin_VSproject\handlers.cpp(702,29): warning C4244: 'argument': conversion from 'int' to 'float', possible loss of data
C:\Users\shost\Desktop\xplane\cockpitIO_repo\PlaneSimulatorIO\XPlane_plugin_VSproject\handlers.cpp(702,26): warning C4244: 'argument': conversion from 'int' to 'float', possible loss of data
C:\Users\shost\Desktop\xplane\cockpitIO_repo\PlaneSimulatorIO\XPlane_plugin_VSproject\handlers.cpp(712,29): warning C4244: 'argument': conversion from 'int' to 'float', possible loss of data
C:\Users\shost\Desktop\xplane\cockpitIO_repo\PlaneSimulatorIO\XPlane_plugin_VSproject\handlers.cpp(712,26): warning C4244: 'argument': conversion from 'int' to 'float', possible loss of data
C:\Users\shost\Desktop\xplane\cockpitIO_repo\PlaneSimulatorIO\XPlane_plugin_VSproject\handlers.cpp(722,29): warning C4244: 'argument': conversion from 'int' to 'float', possible loss of data
C:\Users\shost\Desktop\xplane\cockpitIO_repo\PlaneSimulatorIO\XPlane_plugin_VSproject\handlers.cpp(722,26): warning C4244: 'argument': conversion from 'int' to 'float', possible loss of data
C:\Users\shost\Desktop\xplane\cockpitIO_repo\PlaneSimulatorIO\XPlane_plugin_VSproject\handlers.cpp(733,29): warning C4244: 'argument': conversion from 'int' to 'float', possible loss of data
C:\Users\shost\Desktop\xplane\cockpitIO_repo\PlaneSimulatorIO\XPlane_plugin_VSproject\handlers.cpp(733,26): warning C4244: 'argument': conversion from 'int' to 'float', possible loss of data
C:\Users\shost\Desktop\xplane\cockpitIO_repo\PlaneSimulatorIO\XPlane_plugin_VSproject\handlers.cpp(753,29): warning C4244: 'argument': conversion from 'int' to 'float', possible loss of data
C:\Users\shost\Desktop\xplane\cockpitIO_repo\PlaneSimulatorIO\XPlane_plugin_VSproject\handlers.cpp(753,26): warning C4244: 'argument': conversion from 'int' to 'float', possible loss of data
C:\Users\shost\Desktop\xplane\cockpitIO_repo\PlaneSimulatorIO\XPlane_plugin_VSproject\handlers.cpp(773,29): warning C4244: 'argument': conversion from 'int' to 'float', possible loss of data
C:\Users\shost\Desktop\xplane\cockpitIO_repo\PlaneSimulatorIO\XPlane_plugin_VSproject\handlers.cpp(773,26): warning C4244: 'argument': conversion from 'int' to 'float', possible loss of data
C:\Users\shost\Desktop\xplane\cockpitIO_repo\PlaneSimulatorIO\XPlane_plugin_VSproject\handlers.cpp(793,29): warning C4244: 'argument': conversion from 'int' to 'float', possible loss of data
C:\Users\shost\Desktop\xplane\cockpitIO_repo\PlaneSimulatorIO\XPlane_plugin_VSproject\handlers.cpp(793,26): warning C4244: 'argument': conversion from 'int' to 'float', possible loss of data
C:\Users\shost\Desktop\xplane\cockpitIO_repo\PlaneSimulatorIO\XPlane_plugin_VSproject\handlers.cpp(813,29): warning C4244: 'argument': conversion from 'int' to 'float', possible loss of data
C:\Users\shost\Desktop\xplane\cockpitIO_repo\PlaneSimulatorIO\XPlane_plugin_VSproject\handlers.cpp(813,26): warning C4244: 'argument': conversion from 'int' to 'float', possible loss of data
C:\Users\shost\Desktop\xplane\cockpitIO_repo\PlaneSimulatorIO\XPlane_plugin_VSproject\handlers.cpp(833,29): warning C4244: 'argument': conversion from 'int' to 'float', possible loss of data
C:\Users\shost\Desktop\xplane\cockpitIO_repo\PlaneSimulatorIO\XPlane_plugin_VSproject\handlers.cpp(833,26): warning C4244: 'argument': conversion from 'int' to 'float', possible loss of data
C:\Users\shost\Desktop\xplane\cockpitIO_repo\PlaneSimulatorIO\XPlane_plugin_VSproject\handlers.cpp(853,29): warning C4244: 'argument': conversion from 'int' to 'float', possible loss of data
C:\Users\shost\Desktop\xplane\cockpitIO_repo\PlaneSimulatorIO\XPlane_plugin_VSproject\handlers.cpp(853,26): warning C4244: 'argument': conversion from 'int' to 'float', possible loss of data
C:\Users\shost\Desktop\xplane\cockpitIO_repo\PlaneSimulatorIO\XPlane_plugin_VSproject\handlers.cpp(873,29): warning C4244: 'argument': conversion from 'int' to 'float', possible loss of data
C:\Users\shost\Desktop\xplane\cockpitIO_repo\PlaneSimulatorIO\XPlane_plugin_VSproject\handlers.cpp(873,26): warning C4244: 'argument': conversion from 'int' to 'float', possible loss of data
C:\Users\shost\Desktop\xplane\cockpitIO_repo\PlaneSimulatorIO\XPlane_plugin_VSproject\handlers.cpp(895,29): warning C4244: 'argument': conversion from 'int' to 'float', possible loss of data
C:\Users\shost\Desktop\xplane\cockpitIO_repo\PlaneSimulatorIO\XPlane_plugin_VSproject\handlers.cpp(895,26): warning C4244: 'argument': conversion from 'int' to 'float', possible loss of data
C:\Users\shost\Desktop\xplane\cockpitIO_repo\PlaneSimulatorIO\XPlane_plugin_VSproject\handlers.cpp(906,29): warning C4244: 'argument': conversion from 'int' to 'float', possible loss of data
C:\Users\shost\Desktop\xplane\cockpitIO_repo\PlaneSimulatorIO\XPlane_plugin_VSproject\handlers.cpp(906,26): warning C4244: 'argument': conversion from 'int' to 'float', possible loss of data
C:\Users\shost\Desktop\xplane\cockpitIO_repo\PlaneSimulatorIO\XPlane_plugin_VSproject\handlers.cpp(917,29): warning C4244: 'argument': conversion from 'int' to 'float', possible loss of data
C:\Users\shost\Desktop\xplane\cockpitIO_repo\PlaneSimulatorIO\XPlane_plugin_VSproject\handlers.cpp(917,26): warning C4244: 'argument': conversion from 'int' to 'float', possible loss of data
C:\Users\shost\Desktop\xplane\cockpitIO_repo\PlaneSimulatorIO\XPlane_plugin_VSproject\handlers.cpp(928,29): warning C4244: 'argument': conversion from 'int' to 'float', possible loss of data
C:\Users\shost\Desktop\xplane\cockpitIO_repo\PlaneSimulatorIO\XPlane_plugin_VSproject\handlers.cpp(928,26): warning C4244: 'argument': conversion from 'int' to 'float', possible loss of data
C:\Users\shost\Desktop\xplane\cockpitIO_repo\PlaneSimulatorIO\XPlane_plugin_VSproject\handlers.cpp(939,29): warning C4244: 'argument': conversion from 'int' to 'float', possible loss of data
C:\Users\shost\Desktop\xplane\cockpitIO_repo\PlaneSimulatorIO\XPlane_plugin_VSproject\handlers.cpp(939,26): warning C4244: 'argument': conversion from 'int' to 'float', possible loss of data
C:\Users\shost\Desktop\xplane\cockpitIO_repo\PlaneSimulatorIO\XPlane_plugin_VSproject\handlers.cpp(950,29): warning C4244: 'argument': conversion from 'int' to 'float', possible loss of data
C:\Users\shost\Desktop\xplane\cockpitIO_repo\PlaneSimulatorIO\XPlane_plugin_VSproject\handlers.cpp(950,26): warning C4244: 'argument': conversion from 'int' to 'float', possible loss of data
C:\Users\shost\Desktop\xplane\cockpitIO_repo\PlaneSimulatorIO\XPlane_plugin_VSproject\handlers.cpp(961,29): warning C4244: 'argument': conversion from 'int' to 'float', possible loss of data
C:\Users\shost\Desktop\xplane\cockpitIO_repo\PlaneSimulatorIO\XPlane_plugin_VSproject\handlers.cpp(961,26): warning C4244: 'argument': conversion from 'int' to 'float', possible loss of data
C:\Users\shost\Desktop\xplane\cockpitIO_repo\PlaneSimulatorIO\XPlane_plugin_VSproject\handlers.cpp(972,29): warning C4244: 'argument': conversion from 'int' to 'float', possible loss of data
C:\Users\shost\Desktop\xplane\cockpitIO_repo\PlaneSimulatorIO\XPlane_plugin_VSproject\handlers.cpp(972,26): warning C4244: 'argument': conversion from 'int' to 'float', possible loss of data
  hid.cpp
C:\Users\shost\Desktop\xplane\cockpitIO_repo\PlaneSimulatorIO\XPlane_plugin_VSproject\hid.cpp(676,12): warning C4477: 'wprintf' : format string '%s' requires an argument of type 'wchar_t *', but variadic argument 1 has type 'CHAR *'
C:\Users\shost\Desktop\xplane\cockpitIO_repo\PlaneSimulatorIO\XPlane_plugin_VSproject\hid.cpp(676,12): message : consider using '%hs' in the format string
C:\Users\shost\Desktop\xplane\cockpitIO_repo\PlaneSimulatorIO\XPlane_plugin_VSproject\hid.cpp(676,12): message : consider using '%Ts' in the format string
C:\Users\shost\Desktop\xplane\cockpitIO_repo\PlaneSimulatorIO\XPlane_plugin_VSproject\hid.cpp(676,12): message : this warning is based on non-standard semantics used by Visual C++
  hidCommunication.cpp
C:\Users\shost\Desktop\xplane\cockpitIO_repo\PlaneSimulatorIO\XPlane_plugin_VSproject\hidCommunication.cpp(32,32): warning C4244: '=': conversion from 'float' to 'uint8_t', possible loss of data
C:\Users\shost\Desktop\xplane\cockpitIO_repo\PlaneSimulatorIO\XPlane_plugin_VSproject\hidCommunication.cpp(40,62): warning C4244: '=': conversion from 'float' to 'uint16_t', possible loss of data
C:\Users\shost\Desktop\xplane\cockpitIO_repo\PlaneSimulatorIO\XPlane_plugin_VSproject\hidCommunication.cpp(49,58): warning C4244: '=': conversion from 'float' to 'uint16_t', possible loss of data
C:\Users\shost\Desktop\xplane\cockpitIO_repo\PlaneSimulatorIO\XPlane_plugin_VSproject\hidCommunication.cpp(69,1): warning C4305: 'return': truncation from 'double' to 'float'
  utils.cpp
C:\Users\shost\Desktop\xplane\cockpitIO_repo\PlaneSimulatorIO\XPlane_plugin_VSproject\utils.cpp(47,22): warning C4477: 'fscanf' : format string '%d' requires an argument of type 'int *', but variadic argument 1 has type 'uint16_t *'
C:\Users\shost\Desktop\xplane\cockpitIO_repo\PlaneSimulatorIO\XPlane_plugin_VSproject\utils.cpp(47,22): message : consider using '%hd' in the format string
C:\Users\shost\Desktop\xplane\cockpitIO_repo\PlaneSimulatorIO\XPlane_plugin_VSproject\utils.cpp(47,22): warning C4477: 'fscanf' : format string '%d' requires an argument of type 'int *', but variadic argument 2 has type 'uint16_t *'
C:\Users\shost\Desktop\xplane\cockpitIO_repo\PlaneSimulatorIO\XPlane_plugin_VSproject\utils.cpp(47,22): message : consider using '%hd' in the format string
C:\Users\shost\Desktop\xplane\cockpitIO_repo\PlaneSimulatorIO\XPlane_plugin_VSproject\utils.cpp(52,22): warning C4477: 'fscanf' : format string '%d' requires an argument of type 'int *', but variadic argument 1 has type 'uint16_t *'
C:\Users\shost\Desktop\xplane\cockpitIO_repo\PlaneSimulatorIO\XPlane_plugin_VSproject\utils.cpp(52,22): message : consider using '%hd' in the format string
C:\Users\shost\Desktop\xplane\cockpitIO_repo\PlaneSimulatorIO\XPlane_plugin_VSproject\utils.cpp(52,22): warning C4477: 'fscanf' : format string '%d' requires an argument of type 'int *', but variadic argument 2 has type 'uint16_t *'
C:\Users\shost\Desktop\xplane\cockpitIO_repo\PlaneSimulatorIO\XPlane_plugin_VSproject\utils.cpp(52,22): message : consider using '%hd' in the format string
C:\Users\shost\Desktop\xplane\cockpitIO_repo\PlaneSimulatorIO\XPlane_plugin_VSproject\utils.cpp(57,22): warning C4477: 'fscanf' : format string '%d' requires an argument of type 'int *', but variadic argument 1 has type 'uint16_t *'
C:\Users\shost\Desktop\xplane\cockpitIO_repo\PlaneSimulatorIO\XPlane_plugin_VSproject\utils.cpp(57,22): message : consider using '%hd' in the format string
C:\Users\shost\Desktop\xplane\cockpitIO_repo\PlaneSimulatorIO\XPlane_plugin_VSproject\utils.cpp(57,22): warning C4477: 'fscanf' : format string '%d' requires an argument of type 'int *', but variadic argument 2 has type 'uint16_t *'
C:\Users\shost\Desktop\xplane\cockpitIO_repo\PlaneSimulatorIO\XPlane_plugin_VSproject\utils.cpp(57,22): message : consider using '%hd' in the format string
C:\Users\shost\Desktop\xplane\cockpitIO_repo\PlaneSimulatorIO\XPlane_plugin_VSproject\utils.cpp(62,22): warning C4477: 'fscanf' : format string '%d' requires an argument of type 'int *', but variadic argument 4 has type 'uint16_t *'
C:\Users\shost\Desktop\xplane\cockpitIO_repo\PlaneSimulatorIO\XPlane_plugin_VSproject\utils.cpp(62,22): message : consider using '%hd' in the format string
C:\Users\shost\Desktop\xplane\cockpitIO_repo\PlaneSimulatorIO\XPlane_plugin_VSproject\utils.cpp(62,22): warning C4477: 'fscanf' : format string '%d' requires an argument of type 'int *', but variadic argument 5 has type 'uint16_t *'
C:\Users\shost\Desktop\xplane\cockpitIO_repo\PlaneSimulatorIO\XPlane_plugin_VSproject\utils.cpp(62,22): message : consider using '%hd' in the format string
C:\Users\shost\Desktop\xplane\cockpitIO_repo\PlaneSimulatorIO\XPlane_plugin_VSproject\utils.cpp(62,22): warning C4477: 'fscanf' : format string '%d' requires an argument of type 'int *', but variadic argument 6 has type 'uint16_t *'
C:\Users\shost\Desktop\xplane\cockpitIO_repo\PlaneSimulatorIO\XPlane_plugin_VSproject\utils.cpp(62,22): message : consider using '%hd' in the format string
C:\Users\shost\Desktop\xplane\cockpitIO_repo\PlaneSimulatorIO\XPlane_plugin_VSproject\utils.cpp(81,22): warning C4477: 'fscanf' : format string '%d' requires an argument of type 'int *', but variadic argument 4 has type 'uint16_t *'
C:\Users\shost\Desktop\xplane\cockpitIO_repo\PlaneSimulatorIO\XPlane_plugin_VSproject\utils.cpp(81,22): message : consider using '%hd' in the format string
C:\Users\shost\Desktop\xplane\cockpitIO_repo\PlaneSimulatorIO\XPlane_plugin_VSproject\utils.cpp(81,22): warning C4477: 'fscanf' : format string '%d' requires an argument of type 'int *', but variadic argument 5 has type 'uint16_t *'
C:\Users\shost\Desktop\xplane\cockpitIO_repo\PlaneSimulatorIO\XPlane_plugin_VSproject\utils.cpp(81,22): message : consider using '%hd' in the format string
C:\Users\shost\Desktop\xplane\cockpitIO_repo\PlaneSimulatorIO\XPlane_plugin_VSproject\utils.cpp(81,22): warning C4477: 'fscanf' : format string '%d' requires an argument of type 'int *', but variadic argument 6 has type 'uint16_t *'
C:\Users\shost\Desktop\xplane\cockpitIO_repo\PlaneSimulatorIO\XPlane_plugin_VSproject\utils.cpp(81,22): message : consider using '%hd' in the format string
  Generating Code...
     Creating library .\Release\64\Hello-World-SDK-3.lib and object .\Release\64\Hello-World-SDK-3.exp
  CockpitIOPlugin.vcxproj -> C:\Users\shost\Desktop\xplane\cockpitIO_repo\PlaneSimulatorIO\XPlane_plugin_VSproject\Release\plugins\CockpitIOPlugin\64\win.xpl
